<?xml version="1.0" encoding="UTF-8"?>
<!-- Generated by org.testng.reporters.JUnitXMLReporter -->
<testsuite ignored="5" hostname="DESKTOP-M1AAM1H" failures="0" tests="1" name="Test" time="4.511" errors="0" timestamp="2020-06-27T19:03:13 IST">
  <testcase classname="com.test.RestAssured.Test_GET" name="test_06_colors2" time="4.448"/>
  <testcase classname="com.test.RestAssured.Test_GET" name="test_02_employee24" time="0.0">
    <ignored/>
  </testcase> <!-- test_02_employee24 -->
  <testcase classname="com.test.RestAssured.Test_GET" name="test_03_users" time="0.0">
    <ignored/>
  </testcase> <!-- test_03_users -->
  <testcase classname="com.test.RestAssured.Test_GET" name="test_01" time="0.0">
    <ignored/>
  </testcase> <!-- test_01 -->
  <testcase classname="com.test.RestAssured.Test_GET" name="test_04_Example2" time="0.0">
    <ignored/>
  </testcase> <!-- test_04_Example2 -->
  <testcase classname="com.test.RestAssured.Test_GET" name="test_05_colors" time="0.0">
    <ignored/>
  </testcase> <!-- test_05_colors -->
</testsuite> <!-- Test -->
