<?xml version="1.0" encoding="UTF-8"?>
<testng-results ignored="0" total="6" passed="6" failed="0" skipped="0">
  <reporter-output>
  </reporter-output>
  <suite started-at="2020-06-29T15:07:49 IST" name="Default suite" finished-at="2020-06-29T15:07:55 IST" duration-ms="6310">
    <groups>
    </groups>
    <test started-at="2020-06-29T15:07:49 IST" name="Default test" finished-at="2020-06-29T15:07:55 IST" duration-ms="6310">
      <class name="com.test.RestAssured.Test_GET">
        <test-method signature="test_01()[pri:0, instance:com.test.RestAssured.Test_GET@53aad5d5]" started-at="2020-06-29T15:07:49 IST" name="test_01" finished-at="2020-06-29T15:07:51 IST" duration-ms="2114" status="PASS">
          <reporter-output>
          </reporter-output>
        </test-method> <!-- test_01 -->
        <test-method signature="test_02_employee24()[pri:0, instance:com.test.RestAssured.Test_GET@53aad5d5]" started-at="2020-06-29T15:07:51 IST" name="test_02_employee24" finished-at="2020-06-29T15:07:54 IST" duration-ms="2440" status="PASS">
          <reporter-output>
          </reporter-output>
        </test-method> <!-- test_02_employee24 -->
        <test-method signature="test_03_users()[pri:0, instance:com.test.RestAssured.Test_GET@53aad5d5]" started-at="2020-06-29T15:07:54 IST" name="test_03_users" finished-at="2020-06-29T15:07:54 IST" duration-ms="407" status="PASS">
          <reporter-output>
          </reporter-output>
        </test-method> <!-- test_03_users -->
        <test-method signature="test_04_Example2()[pri:0, instance:com.test.RestAssured.Test_GET@53aad5d5]" started-at="2020-06-29T15:07:54 IST" name="test_04_Example2" finished-at="2020-06-29T15:07:54 IST" duration-ms="228" status="PASS">
          <reporter-output>
          </reporter-output>
        </test-method> <!-- test_04_Example2 -->
        <test-method signature="test_05_colors()[pri:0, instance:com.test.RestAssured.Test_GET@53aad5d5]" started-at="2020-06-29T15:07:54 IST" name="test_05_colors" finished-at="2020-06-29T15:07:55 IST" duration-ms="281" status="PASS">
          <reporter-output>
          </reporter-output>
        </test-method> <!-- test_05_colors -->
        <test-method signature="test_06_colors2()[pri:0, instance:com.test.RestAssured.Test_GET@53aad5d5]" started-at="2020-06-29T15:07:55 IST" name="test_06_colors2" finished-at="2020-06-29T15:07:55 IST" duration-ms="768" status="PASS">
          <reporter-output>
          </reporter-output>
        </test-method> <!-- test_06_colors2 -->
      </class> <!-- com.test.RestAssured.Test_GET -->
    </test> <!-- Default test -->
  </suite> <!-- Default suite -->
</testng-results>
