<?xml version="1.0" encoding="UTF-8"?>
<!-- Generated by org.testng.reporters.JUnitXMLReporter -->
<testsuite ignored="0" hostname="DESKTOP-M1AAM1H" failures="0" tests="6" name="Default test" time="6.31" errors="0" timestamp="2020-06-29T15:07:55 IST">
  <testcase classname="com.test.RestAssured.Test_GET" name="test_01" time="2.114"/>
  <testcase classname="com.test.RestAssured.Test_GET" name="test_02_employee24" time="2.44"/>
  <testcase classname="com.test.RestAssured.Test_GET" name="test_03_users" time="0.407"/>
  <testcase classname="com.test.RestAssured.Test_GET" name="test_04_Example2" time="0.228"/>
  <testcase classname="com.test.RestAssured.Test_GET" name="test_05_colors" time="0.281"/>
  <testcase classname="com.test.RestAssured.Test_GET" name="test_06_colors2" time="0.768"/>
</testsuite> <!-- Default test -->
